[0.018s] Invoking command in '/home/nathan/dronut/build/dronut_controller': CMAKE_PREFIX_PATH=${CMAKE_PREFIX_PATH}:/home/nathan/dronut/install/realsense_cam:/home/nathan/dronut/install/dronut_w_cam:/home/nathan/dronut/install/dronut_description:/opt/ros/jazzy DEBUGINFOD_URLS=https://debuginfod.ubuntu.com /usr/bin/cmake --build /home/nathan/dronut/build/dronut_controller -- -j20 -l20
[0.062s] [ 33%] [32mBuilding CXX object CMakeFiles/drone_control_node.dir/src/main.cpp.o[0m
[1.383s] [01m[K/home/nathan/dronut/src/dronut_controller/src/main.cpp:[m[K In function â€˜[01m[Kint[01;32m[K main[m[K(int, char**)[m[Kâ€™:
[1.383s] [01m[K/home/nathan/dronut/src/dronut_controller/src/main.cpp:8:54:[m[K [01;31m[Kerror: [m[Kâ€˜[01m[KBirotorDroneController[m[Kâ€™ was not declared in this scope; did you mean â€˜[01m[Kbirotor_drone_controller[m[Kâ€™?
[1.384s]     8 | = std::make_shared<[01;31m[KBirotorDroneController[m[K>();
[1.384s]       |                    [01;31m[K^~~~~~~~~~~~~~~~~~~~~~[m[K
[1.384s]       |                    [32m[Kbirotor_drone_controller[m[K
[1.384s] [01m[K/home/nathan/dronut/src/dronut_controller/src/main.cpp:8:77:[m[K [01;31m[Kerror: [m[Kno matching function for call to â€˜[01m[Kmake_shared<<expression error> >()[m[Kâ€™
[1.384s]     8 | [01;31m[Kred<BirotorDroneController>()[m[K;
[1.384s]       | [01;31m[K~~~~~~~~~~~~~~~~~~~~~~~~~~~^~[m[K
[1.384s] 
[1.384s] In file included from [01m[K/usr/include/c++/13/memory:80[m[K,
[1.384s]                  from [01m[K/opt/ros/jazzy/include/rclcpp/rclcpp/rclcpp.hpp:169[m[K,
[1.384s]                  from [01m[K/home/nathan/dronut/src/dronut_controller/src/main.cpp:1[m[K:
[1.384s] [01m[K/usr/include/c++/13/bits/shared_ptr.h:1005:5:[m[K [01;36m[Knote: [m[Kcandidate: â€˜[01m[Ktemplate<class _Tp, class ... _Args> std::shared_ptr<typename std::enable_if<(! std::is_array< <template-parameter-1-1> >::value), _Tp>::type> std::[01;32m[Kmake_shared[m[K(_Args&& ...)[m[Kâ€™
[1.384s]  1005 |     [01;36m[Kmake_shared[m[K(_Args&&... __args)
[1.384s]       |     [01;36m[K^~~~~~~~~~~[m[K
[1.384s] [01m[K/usr/include/c++/13/bits/shared_ptr.h:1005:5:[m[K [01;36m[Knote: [m[K  template argument deduction/substitution failed:
[1.384s] [01m[K/home/nathan/dronut/src/dronut_controller/src/main.cpp:8:77:[m[K [01;31m[Kerror: [m[Ktemplate argument 1 is invalid
[1.385s]     8 | [01;31m[Kred<BirotorDroneController>()[m[K;
[1.385s]       | [01;31m[K~~~~~~~~~~~~~~~~~~~~~~~~~~~^~[m[K
[1.385s] 
[1.756s] gmake[2]: *** [CMakeFiles/drone_control_node.dir/build.make:76: CMakeFiles/drone_control_node.dir/src/main.cpp.o] Error 1
[1.756s] gmake[1]: *** [CMakeFiles/Makefile2:137: CMakeFiles/drone_control_node.dir/all] Error 2
[1.756s] gmake: *** [Makefile:146: all] Error 2
[1.758s] Invoked command in '/home/nathan/dronut/build/dronut_controller' returned '2': CMAKE_PREFIX_PATH=${CMAKE_PREFIX_PATH}:/home/nathan/dronut/install/realsense_cam:/home/nathan/dronut/install/dronut_w_cam:/home/nathan/dronut/install/dronut_description:/opt/ros/jazzy DEBUGINFOD_URLS=https://debuginfod.ubuntu.com /usr/bin/cmake --build /home/nathan/dronut/build/dronut_controller -- -j20 -l20
