[0.021s] Invoking command in '/home/nathan/dronut/build/dronut_controller': CMAKE_PREFIX_PATH=${CMAKE_PREFIX_PATH}:/home/nathan/dronut/install/realsense_cam:/home/nathan/dronut/install/dronut_w_cam:/home/nathan/dronut/install/dronut_description:/opt/ros/jazzy DEBUGINFOD_URLS=https://debuginfod.ubuntu.com /usr/bin/cmake --build /home/nathan/dronut/build/dronut_controller -- -j20 -l20
[0.075s] [ 25%] [32mBuilding CXX object CMakeFiles/drone_control_node.dir/src/joy_to_cmd_vel_node.cpp.o[0m
[1.409s] [01m[K/home/nathan/dronut/src/dronut_controller/src/joy_to_cmd_vel_node.cpp:3:7:[m[K [01;31m[Kerror: [m[Kredefinition of â€˜[01m[Kclass JoyToCmdVelNode[m[Kâ€™
[1.409s]     3 | class [01;31m[KJoyToCmdVelNode[m[K : public rclcpp::Node
[1.410s]       |       [01;31m[K^~~~~~~~~~~~~~~[m[K
[1.410s] In file included from [01m[K/home/nathan/dronut/src/dronut_controller/src/joy_to_cmd_vel_node.cpp:1[m[K:
[1.410s] [01m[K/home/nathan/dronut/src/dronut_controller/include/joy_to_cmd_vel_node.hpp:12:7:[m[K [01;36m[Knote: [m[Kprevious definition of â€˜[01m[Kclass JoyToCmdVelNode[m[Kâ€™
[1.410s]    12 | class [01;36m[KJoyToCmdVelNode[m[K : public rclcpp::Node
[1.410s]       |       [01;36m[K^~~~~~~~~~~~~~~[m[K
[1.416s] [01m[K/home/nathan/dronut/src/dronut_controller/src/joy_to_cmd_vel_node.cpp:[m[K In member function â€˜[01m[Kvoid JoyToCmdVelNode::[01;32m[Kbroadcast_transform[m[K()[m[Kâ€™:
[1.416s] [01m[K/home/nathan/dronut/src/dronut_controller/src/joy_to_cmd_vel_node.cpp:52:24:[m[K [01;31m[Kerror: [m[Kâ€˜[01m[Klast_x_position_[m[Kâ€™ was not declared in this scope; did you mean â€˜[01m[Kx_position_[m[Kâ€™?
[1.416s]    52 |     if (x_position_ == [01;31m[Klast_x_position_[m[K && y_position_ == last_y_position_ &&
[1.416s]       |                        [01;31m[K^~~~~~~~~~~~~~~~[m[K
[1.416s]       |                        [32m[Kx_position_[m[K
[1.422s] [01m[K/home/nathan/dronut/src/dronut_controller/src/joy_to_cmd_vel_node.cpp:52:59:[m[K [01;31m[Kerror: [m[Kâ€˜[01m[Klast_y_position_[m[Kâ€™ was not declared in this scope; did you mean â€˜[01m[Ky_position_[m[Kâ€™?
[1.422s]    52 |     if (x_position_ == last_x_position_ && y_position_ == [01;31m[Klast_y_position_[m[K &&
[1.422s]       |                                                           [01;31m[K^~~~~~~~~~~~~~~~[m[K
[1.422s]       |                                                           [32m[Ky_position_[m[K
[1.427s] [01m[K/home/nathan/dronut/src/dronut_controller/src/joy_to_cmd_vel_node.cpp:53:24:[m[K [01;31m[Kerror: [m[Kâ€˜[01m[Klast_z_position_[m[Kâ€™ was not declared in this scope; did you mean â€˜[01m[Kz_position_[m[Kâ€™?
[1.427s]    53 |         z_position_ == [01;31m[Klast_z_position_[m[K && theta_ == last_theta_) {
[1.427s]       |                        [01;31m[K^~~~~~~~~~~~~~~~[m[K
[1.428s]       |                        [32m[Kz_position_[m[K
[1.432s] [01m[K/home/nathan/dronut/src/dronut_controller/src/joy_to_cmd_vel_node.cpp:53:54:[m[K [01;31m[Kerror: [m[Kâ€˜[01m[Klast_theta_[m[Kâ€™ was not declared in this scope
[1.433s]    53 |         z_position_ == last_z_position_ && theta_ == [01;31m[Klast_theta_[m[K) {
[1.433s]       |                                                      [01;31m[K^~~~~~~~~~~[m[K
[1.438s] [01m[K/home/nathan/dronut/src/dronut_controller/src/joy_to_cmd_vel_node.cpp:59:5:[m[K [01;31m[Kerror: [m[Kâ€˜[01m[Klast_x_position_[m[Kâ€™ was not declared in this scope; did you mean â€˜[01m[Kx_position_[m[Kâ€™?
[1.438s]    59 |     [01;31m[Klast_x_position_[m[K = x_position_;
[1.438s]       |     [01;31m[K^~~~~~~~~~~~~~~~[m[K
[1.438s]       |     [32m[Kx_position_[m[K
[1.444s] [01m[K/home/nathan/dronut/src/dronut_controller/src/joy_to_cmd_vel_node.cpp:60:5:[m[K [01;31m[Kerror: [m[Kâ€˜[01m[Klast_y_position_[m[Kâ€™ was not declared in this scope; did you mean â€˜[01m[Ky_position_[m[Kâ€™?
[1.444s]    60 |     [01;31m[Klast_y_position_[m[K = y_position_;
[1.444s]       |     [01;31m[K^~~~~~~~~~~~~~~~[m[K
[1.444s]       |     [32m[Ky_position_[m[K
[1.449s] [01m[K/home/nathan/dronut/src/dronut_controller/src/joy_to_cmd_vel_node.cpp:61:5:[m[K [01;31m[Kerror: [m[Kâ€˜[01m[Klast_z_position_[m[Kâ€™ was not declared in this scope; did you mean â€˜[01m[Kz_position_[m[Kâ€™?
[1.449s]    61 |     [01;31m[Klast_z_position_[m[K = z_position_;
[1.449s]       |     [01;31m[K^~~~~~~~~~~~~~~~[m[K
[1.449s]       |     [32m[Kz_position_[m[K
[1.454s] [01m[K/home/nathan/dronut/src/dronut_controller/src/joy_to_cmd_vel_node.cpp:62:5:[m[K [01;31m[Kerror: [m[Kâ€˜[01m[Klast_theta_[m[Kâ€™ was not declared in this scope
[1.454s]    62 |     [01;31m[Klast_theta_[m[K = theta_;
[1.454s]       |     [01;31m[K^~~~~~~~~~~[m[K
[1.832s] gmake[2]: *** [CMakeFiles/drone_control_node.dir/build.make:104: CMakeFiles/drone_control_node.dir/src/joy_to_cmd_vel_node.cpp.o] Error 1
[1.832s] gmake[1]: *** [CMakeFiles/Makefile2:137: CMakeFiles/drone_control_node.dir/all] Error 2
[1.832s] gmake: *** [Makefile:146: all] Error 2
[1.834s] Invoked command in '/home/nathan/dronut/build/dronut_controller' returned '2': CMAKE_PREFIX_PATH=${CMAKE_PREFIX_PATH}:/home/nathan/dronut/install/realsense_cam:/home/nathan/dronut/install/dronut_w_cam:/home/nathan/dronut/install/dronut_description:/opt/ros/jazzy DEBUGINFOD_URLS=https://debuginfod.ubuntu.com /usr/bin/cmake --build /home/nathan/dronut/build/dronut_controller -- -j20 -l20
