[0.020s] Invoking command in '/home/nathan/dronut/build/dronut_controller': CMAKE_PREFIX_PATH=${CMAKE_PREFIX_PATH}:/home/nathan/dronut/install/realsense_cam:/home/nathan/dronut/install/dronut_w_cam:/home/nathan/dronut/install/dronut_description:/opt/ros/jazzy DEBUGINFOD_URLS=https://debuginfod.ubuntu.com /usr/bin/cmake --build /home/nathan/dronut/build/dronut_controller -- -j20 -l20
[0.074s] [ 20%] [32mBuilding CXX object CMakeFiles/drone_control_node.dir/src/trial_code.cpp.o[0m
[0.215s] [01m[K/home/nathan/dronut/src/dronut_controller/src/trial_code.cpp:2:10:[m[K [01;31m[Kfatal error: [m[Kcontrol_msgs/msg/joint_trajectory_controller_state.hpp: No such file or directory
[0.215s]     2 | #include [01;31m[K<control_msgs/msg/joint_trajectory_controller_state.hpp>[m[K
[0.216s]       |          [01;31m[K^~~~~~~~~~~~~~~~~~~~~~~~~~~~~~~~~~~~~~~~~~~~~~~~~~~~~~~~[m[K
[0.216s] compilation terminated.
[0.217s] gmake[2]: *** [CMakeFiles/drone_control_node.dir/build.make:76: CMakeFiles/drone_control_node.dir/src/trial_code.cpp.o] Error 1
[0.217s] gmake[1]: *** [CMakeFiles/Makefile2:137: CMakeFiles/drone_control_node.dir/all] Error 2
[0.218s] gmake: *** [Makefile:146: all] Error 2
[0.220s] Invoked command in '/home/nathan/dronut/build/dronut_controller' returned '2': CMAKE_PREFIX_PATH=${CMAKE_PREFIX_PATH}:/home/nathan/dronut/install/realsense_cam:/home/nathan/dronut/install/dronut_w_cam:/home/nathan/dronut/install/dronut_description:/opt/ros/jazzy DEBUGINFOD_URLS=https://debuginfod.ubuntu.com /usr/bin/cmake --build /home/nathan/dronut/build/dronut_controller -- -j20 -l20
